{"C:\\Users\\Taaps\\react\\react-countries-app\\src\\App.tsx": {"path":"C:\\Users\\Taaps\\react\\react-countries-app\\src\\App.tsx","statementMap":{"0":{"start":{"line":6,"column":22},"end":{"line":15,"column":1}},"1":{"start":{"line":7,"column":2},"end":{"line":14,"column":4}}},"fnMap":{"0":{"name":"(anonymous_0)","decl":{"start":{"line":6,"column":22},"end":{"line":6,"column":23}},"loc":{"start":{"line":6,"column":28},"end":{"line":15,"column":1}},"line":6}},"branchMap":{},"s":{"0":0,"1":0},"f":{"0":0},"b":{}}
,"C:\\Users\\Taaps\\react\\react-countries-app\\src\\index.tsx": {"path":"C:\\Users\\Taaps\\react\\react-countries-app\\src\\index.tsx","statementMap":{"0":{"start":{"line":5,"column":20},"end":{"line":5,"column":51}},"1":{"start":{"line":6,"column":0},"end":{"line":6,"column":80}},"2":{"start":{"line":6,"column":18},"end":{"line":6,"column":80}},"3":{"start":{"line":8,"column":13},"end":{"line":8,"column":45}},"4":{"start":{"line":10,"column":0},"end":{"line":14,"column":2}}},"fnMap":{},"branchMap":{"0":{"loc":{"start":{"line":6,"column":0},"end":{"line":6,"column":80}},"type":"if","locations":[{"start":{"line":6,"column":0},"end":{"line":6,"column":80}},{"start":{},"end":{}}],"line":6}},"s":{"0":0,"1":0,"2":0,"3":0,"4":0},"f":{},"b":{"0":[0,0]}}
,"C:\\Users\\Taaps\\react\\react-countries-app\\src\\reportWebVitals.tsx": {"path":"C:\\Users\\Taaps\\react\\react-countries-app\\src\\reportWebVitals.tsx","statementMap":{"0":{"start":{"line":1,"column":24},"end":{"line":11,"column":1}},"1":{"start":{"line":2,"column":2},"end":{"line":10,"column":3}},"2":{"start":{"line":3,"column":4},"end":{"line":9,"column":7}},"3":{"start":{"line":4,"column":6},"end":{"line":4,"column":26}},"4":{"start":{"line":5,"column":6},"end":{"line":5,"column":26}},"5":{"start":{"line":6,"column":6},"end":{"line":6,"column":26}},"6":{"start":{"line":7,"column":6},"end":{"line":7,"column":26}},"7":{"start":{"line":8,"column":6},"end":{"line":8,"column":27}}},"fnMap":{"0":{"name":"(anonymous_0)","decl":{"start":{"line":1,"column":24},"end":{"line":1,"column":25}},"loc":{"start":{"line":1,"column":70},"end":{"line":11,"column":1}},"line":1},"1":{"name":"(anonymous_1)","decl":{"start":{"line":3,"column":30},"end":{"line":3,"column":31}},"loc":{"start":{"line":3,"column":79},"end":{"line":9,"column":5}},"line":3}},"branchMap":{"0":{"loc":{"start":{"line":2,"column":2},"end":{"line":10,"column":3}},"type":"if","locations":[{"start":{"line":2,"column":2},"end":{"line":10,"column":3}},{"start":{},"end":{}}],"line":2},"1":{"loc":{"start":{"line":2,"column":6},"end":{"line":2,"column":52}},"type":"binary-expr","locations":[{"start":{"line":2,"column":6},"end":{"line":2,"column":17}},{"start":{"line":2,"column":21},"end":{"line":2,"column":52}}],"line":2}},"s":{"0":0,"1":0,"2":0,"3":0,"4":0,"5":0,"6":0,"7":0},"f":{"0":0,"1":0},"b":{"0":[0,0],"1":[0,0]}}
,"C:\\Users\\Taaps\\react\\react-countries-app\\src\\hooks\\useFetch.tsx": {"path":"C:\\Users\\Taaps\\react\\react-countries-app\\src\\hooks\\useFetch.tsx","statementMap":{"0":{"start":{"line":10,"column":17},"end":{"line":22,"column":1}},"1":{"start":{"line":11,"column":26},"end":{"line":11,"column":50}},"2":{"start":{"line":12,"column":32},"end":{"line":12,"column":55}},"3":{"start":{"line":14,"column":2},"end":{"line":19,"column":12}},"4":{"start":{"line":15,"column":4},"end":{"line":18,"column":7}},"5":{"start":{"line":16,"column":6},"end":{"line":16,"column":29}},"6":{"start":{"line":17,"column":6},"end":{"line":17,"column":24}},"7":{"start":{"line":21,"column":2},"end":{"line":21,"column":27}}},"fnMap":{"0":{"name":"(anonymous_0)","decl":{"start":{"line":10,"column":17},"end":{"line":10,"column":18}},"loc":{"start":{"line":10,"column":51},"end":{"line":22,"column":1}},"line":10},"1":{"name":"(anonymous_1)","decl":{"start":{"line":14,"column":12},"end":{"line":14,"column":13}},"loc":{"start":{"line":14,"column":18},"end":{"line":19,"column":3}},"line":14},"2":{"name":"(anonymous_2)","decl":{"start":{"line":15,"column":24},"end":{"line":15,"column":25}},"loc":{"start":{"line":15,"column":38},"end":{"line":18,"column":5}},"line":15}},"branchMap":{},"s":{"0":0,"1":0,"2":0,"3":0,"4":0,"5":0,"6":0,"7":0},"f":{"0":0,"1":0,"2":0},"b":{}}
,"C:\\Users\\Taaps\\react\\react-countries-app\\src\\pages\\CountryDetails.tsx": {"path":"C:\\Users\\Taaps\\react\\react-countries-app\\src\\pages\\CountryDetails.tsx","statementMap":{"0":{"start":{"line":23,"column":33},"end":{"line":66,"column":1}},"1":{"start":{"line":25,"column":19},"end":{"line":25,"column":54}},"2":{"start":{"line":26,"column":32},"end":{"line":26,"column":62}},"3":{"start":{"line":28,"column":2},"end":{"line":48,"column":13}},"4":{"start":{"line":29,"column":25},"end":{"line":45,"column":5}},"5":{"start":{"line":30,"column":6},"end":{"line":44,"column":7}},"6":{"start":{"line":31,"column":8},"end":{"line":41,"column":9}},"7":{"start":{"line":32,"column":27},"end":{"line":32,"column":90}},"8":{"start":{"line":33,"column":10},"end":{"line":33,"column":61}},"9":{"start":{"line":34,"column":10},"end":{"line":38,"column":11}},"10":{"start":{"line":35,"column":12},"end":{"line":35,"column":41}},"11":{"start":{"line":37,"column":12},"end":{"line":37,"column":83}},"12":{"start":{"line":40,"column":10},"end":{"line":40,"column":65}},"13":{"start":{"line":43,"column":8},"end":{"line":43,"column":69}},"14":{"start":{"line":47,"column":4},"end":{"line":47,"column":19}},"15":{"start":{"line":50,"column":2},"end":{"line":50,"column":42}},"16":{"start":{"line":50,"column":16},"end":{"line":50,"column":42}},"17":{"start":{"line":52,"column":2},"end":{"line":65,"column":4}}},"fnMap":{"0":{"name":"(anonymous_0)","decl":{"start":{"line":23,"column":33},"end":{"line":23,"column":34}},"loc":{"start":{"line":23,"column":39},"end":{"line":66,"column":1}},"line":23},"1":{"name":"(anonymous_1)","decl":{"start":{"line":28,"column":12},"end":{"line":28,"column":13}},"loc":{"start":{"line":28,"column":18},"end":{"line":48,"column":3}},"line":28},"2":{"name":"(anonymous_2)","decl":{"start":{"line":29,"column":25},"end":{"line":29,"column":26}},"loc":{"start":{"line":29,"column":37},"end":{"line":45,"column":5}},"line":29}},"branchMap":{"0":{"loc":{"start":{"line":31,"column":8},"end":{"line":41,"column":9}},"type":"if","locations":[{"start":{"line":31,"column":8},"end":{"line":41,"column":9}},{"start":{"line":39,"column":15},"end":{"line":41,"column":9}}],"line":31},"1":{"loc":{"start":{"line":34,"column":10},"end":{"line":38,"column":11}},"type":"if","locations":[{"start":{"line":34,"column":10},"end":{"line":38,"column":11}},{"start":{"line":36,"column":17},"end":{"line":38,"column":11}}],"line":34},"2":{"loc":{"start":{"line":34,"column":14},"end":{"line":34,"column":55}},"type":"binary-expr","locations":[{"start":{"line":34,"column":14},"end":{"line":34,"column":27}},{"start":{"line":34,"column":31},"end":{"line":34,"column":55}}],"line":34},"3":{"loc":{"start":{"line":50,"column":2},"end":{"line":50,"column":42}},"type":"if","locations":[{"start":{"line":50,"column":2},"end":{"line":50,"column":42}},{"start":{},"end":{}}],"line":50},"4":{"loc":{"start":{"line":54,"column":11},"end":{"line":54,"column":58}},"type":"binary-expr","locations":[{"start":{"line":54,"column":11},"end":{"line":54,"column":32}},{"start":{"line":54,"column":36},"end":{"line":54,"column":58}}],"line":54},"5":{"loc":{"start":{"line":55,"column":19},"end":{"line":55,"column":74}},"type":"binary-expr","locations":[{"start":{"line":55,"column":19},"end":{"line":55,"column":47}},{"start":{"line":55,"column":51},"end":{"line":55,"column":74}}],"line":55},"6":{"loc":{"start":{"line":56,"column":18},"end":{"line":56,"column":59}},"type":"binary-expr","locations":[{"start":{"line":56,"column":18},"end":{"line":56,"column":33}},{"start":{"line":56,"column":37},"end":{"line":56,"column":59}}],"line":56},"7":{"loc":{"start":{"line":57,"column":21},"end":{"line":57,"column":69}},"type":"binary-expr","locations":[{"start":{"line":57,"column":21},"end":{"line":57,"column":40}},{"start":{"line":57,"column":44},"end":{"line":57,"column":69}}],"line":57},"8":{"loc":{"start":{"line":59,"column":13},"end":{"line":59,"column":38}},"type":"binary-expr","locations":[{"start":{"line":59,"column":13},"end":{"line":59,"column":32}},{"start":{"line":59,"column":36},"end":{"line":59,"column":38}}],"line":59},"9":{"loc":{"start":{"line":60,"column":27},"end":{"line":60,"column":65}},"type":"binary-expr","locations":[{"start":{"line":60,"column":27},"end":{"line":60,"column":48}},{"start":{"line":60,"column":52},"end":{"line":60,"column":65}}],"line":60}},"s":{"0":0,"1":0,"2":0,"3":0,"4":0,"5":0,"6":0,"7":0,"8":0,"9":0,"10":0,"11":0,"12":0,"13":0,"14":0,"15":0,"16":0,"17":0},"f":{"0":0,"1":0,"2":0},"b":{"0":[0,0],"1":[0,0],"2":[0,0],"3":[0,0],"4":[0,0],"5":[0,0],"6":[0,0],"7":[0,0],"8":[0,0],"9":[0,0]}}
,"C:\\Users\\Taaps\\react\\react-countries-app\\src\\pages\\Home.tsx": {"path":"C:\\Users\\Taaps\\react\\react-countries-app\\src\\pages\\Home.tsx","statementMap":{"0":{"start":{"line":13,"column":23},"end":{"line":45,"column":1}},"1":{"start":{"line":14,"column":36},"end":{"line":14,"column":59}},"2":{"start":{"line":15,"column":30},"end":{"line":15,"column":50}},"3":{"start":{"line":17,"column":2},"end":{"line":21,"column":9}},"4":{"start":{"line":18,"column":4},"end":{"line":20,"column":7}},"5":{"start":{"line":19,"column":6},"end":{"line":19,"column":34}},"6":{"start":{"line":23,"column":28},"end":{"line":25,"column":3}},"7":{"start":{"line":24,"column":4},"end":{"line":24,"column":68}},"8":{"start":{"line":27,"column":2},"end":{"line":44,"column":4}},"9":{"start":{"line":34,"column":25},"end":{"line":34,"column":50}},"10":{"start":{"line":38,"column":10},"end":{"line":40,"column":15}}},"fnMap":{"0":{"name":"(anonymous_0)","decl":{"start":{"line":13,"column":23},"end":{"line":13,"column":24}},"loc":{"start":{"line":13,"column":29},"end":{"line":45,"column":1}},"line":13},"1":{"name":"(anonymous_1)","decl":{"start":{"line":17,"column":12},"end":{"line":17,"column":13}},"loc":{"start":{"line":17,"column":18},"end":{"line":21,"column":3}},"line":17},"2":{"name":"(anonymous_2)","decl":{"start":{"line":18,"column":57},"end":{"line":18,"column":58}},"loc":{"start":{"line":18,"column":71},"end":{"line":20,"column":5}},"line":18},"3":{"name":"(anonymous_3)","decl":{"start":{"line":23,"column":45},"end":{"line":23,"column":46}},"loc":{"start":{"line":24,"column":4},"end":{"line":24,"column":68}},"line":24},"4":{"name":"(anonymous_4)","decl":{"start":{"line":34,"column":18},"end":{"line":34,"column":19}},"loc":{"start":{"line":34,"column":25},"end":{"line":34,"column":50}},"line":34},"5":{"name":"(anonymous_5)","decl":{"start":{"line":37,"column":31},"end":{"line":37,"column":32}},"loc":{"start":{"line":38,"column":10},"end":{"line":40,"column":15}},"line":38}},"branchMap":{},"s":{"0":0,"1":0,"2":0,"3":0,"4":0,"5":0,"6":0,"7":0,"8":0,"9":0,"10":0},"f":{"0":0,"1":0,"2":0,"3":0,"4":0,"5":0},"b":{}}
}
